{"/home/paul/Documents/Coding/agency/backend/server/fake-data/fakeArtists.ts": {"path":"/home/paul/Documents/Coding/agency/backend/server/fake-data/fakeArtists.ts","statementMap":{"0":{"start":{"line":1,"column":13},"end":{"line":38,"column":2}},"1":{"start":{"line":40,"column":13},"end":{"line":40,"column":48}}},"fnMap":{},"branchMap":{},"s":{"0":1,"1":1},"f":{},"b":{}}
,"/home/paul/Documents/Coding/agency/backend/server/models/artist/artist.model.ts": {"path":"/home/paul/Documents/Coding/agency/backend/server/models/artist/artist.model.ts","statementMap":{"0":{"start":{"line":1,"column":0},"end":{"line":1,"column":37}},"1":{"start":{"line":63,"column":38},"end":{"line":69,"column":2}},"2":{"start":{"line":71,"column":20},"end":{"line":71,"column":75}},"3":{"start":{"line":72,"column":0},"end":{"line":72,"column":27}}},"fnMap":{},"branchMap":{},"s":{"0":1,"1":1,"2":1,"3":1},"f":{},"b":{}}
}
